Using pre-set license
Built from '2021.1/staging' branch; Version is '2021.1.7f1 (d91830b65d9b) revision 14227504'; Using compiler version '192528614'; Build Type 'Release'
OS: 'Windows 10 Home; OS build 19041.1083; Version 2004; 64bit' Language: 'ko' Physical Memory: 7901 MB
BatchMode: 1, IsHumanControllingUs: 0, StartBugReporterOnCrash: 0, Is64bit: 1, IsPro: 0

 COMMAND LINE ARGUMENTS:
C:\Program Files\Unity\Hub\Editor\2021.1.7f1\Editor\Unity.exe
-adb2
-batchMode
-noUpm
-name
AssetImportWorker1
-projectPath
C:/Users/lg/Desktop/GAME
-logFile
Logs/AssetImportWorker1.log
-srvPort
52277
Successfully changed project path to: C:/Users/lg/Desktop/GAME
C:/Users/lg/Desktop/GAME
Using Asset Import Pipeline V2.
Refreshing native plugins compatible for Editor in 178.20 ms, found 1 plugins.
Preloading 0 native plugins for Editor in 0.00 ms.
Initialize engine version: 2021.1.7f1 (d91830b65d9b)
[Subsystems] Discovering subsystems at path C:/Program Files/Unity/Hub/Editor/2021.1.7f1/Editor/Data/Resources/UnitySubsystems
[Subsystems] Discovering subsystems at path C:/Users/lg/Desktop/GAME/Assets
GfxDevice: creating device client; threaded=0; jobified=0
Direct3D:
    Version:  Direct3D 11.0 [level 11.1]
    Renderer: Intel(R) Iris(R) Plus Graphics (ID=0x8a52)
    Vendor:   Intel
    VRAM:     3950 MB
    Driver:   27.20.100.9510
Initialize mono
Mono path[0] = 'C:/Program Files/Unity/Hub/Editor/2021.1.7f1/Editor/Data/Managed'
Mono path[1] = 'C:/Program Files/Unity/Hub/Editor/2021.1.7f1/Editor/Data/MonoBleedingEdge/lib/mono/unityjit'
Mono config path = 'C:/Program Files/Unity/Hub/Editor/2021.1.7f1/Editor/Data/MonoBleedingEdge/etc'
Using monoOptions --debugger-agent=transport=dt_socket,embedding=1,server=y,suspend=n,address=127.0.0.1:56896
Begin MonoManager ReloadAssembly
Registering precompiled unity dll's ...
Register platform support module: C:/Program Files/Unity/Hub/Editor/2021.1.7f1/Editor/Data/PlaybackEngines/WindowsStandaloneSupport/UnityEditor.WindowsStandalone.Extensions.dll
Registered in 0.002621 seconds.
Native extension for WindowsStandalone target not found
Refreshing native plugins compatible for Editor in 149.53 ms, found 1 plugins.
Preloading 0 native plugins for Editor in 0.00 ms.
Mono: successfully reloaded assembly
- Completed reload, in  2.166 seconds
Platform modules already initialized, skipping
Registering precompiled user dll's ...
Registered in 0.005429 seconds.
Begin MonoManager ReloadAssembly
Symbol file LoadedFromMemory doesn't match image C:\Users\lg\Desktop\GAME\Library\PackageCache\com.unity.visualscripting@1.6.1\Editor\VisualScripting.Core\Dependencies\YamlDotNet\Unity.VisualScripting.YamlDotNet.dll
Symbol file LoadedFromMemory doesn't match image C:\Users\lg\Desktop\GAME\Library\PackageCache\com.unity.visualscripting@1.6.1\Editor\VisualScripting.Core\Dependencies\DotNetZip\Unity.VisualScripting.IonicZip.dll
Native extension for WindowsStandalone target not found
Refreshing native plugins compatible for Editor in 162.93 ms, found 1 plugins.
Preloading 0 native plugins for Editor in 0.00 ms.
Mono: successfully reloaded assembly
- Completed reload, in  3.213 seconds
Platform modules already initialized, skipping
========================================================================
Worker process is ready to serve import requests
Launched and connected shader compiler UnityShaderCompiler.exe after 0.07 seconds
Refreshing native plugins compatible for Editor in 1.03 ms, found 1 plugins.
Preloading 0 native plugins for Editor in 0.00 ms.
Unloading 3042 Unused Serialized files (Serialized files now loaded: 0)
System memory in use before: 124.9 MB.
System memory in use after: 125.1 MB.

Unloading 15 unused Assets to reduce memory usage. Loaded Objects now: 3503.
Total: 2.282200 ms (FindLiveObjects: 0.223800 ms CreateObjectMapping: 0.099500 ms MarkObjects: 1.887500 ms  DeleteObjects: 0.070100 ms)

========================================================================
Received Import Request.
  path: Assets/Sorce/UI/Star Yellow - Rounded 1.png
  artifactKey: Guid(6ee9f1cb2d244d441859d798f6080ed6) Importer(815301076,1909f56bfc062723c751e8b465ee728b)
Start importing Assets/Sorce/UI/Star Yellow - Rounded 1.png using Guid(6ee9f1cb2d244d441859d798f6080ed6) Importer(815301076,1909f56bfc062723c751e8b465ee728b)  -> (artifact id: 'cde36595a38e80ac7326f738c9e84d2d') in 0.128523 seconds 
========================================================================
Received Import Request.
  Time since last request: 0.000521 seconds.
  path: Assets/Sorce/UI/Arrow - Rounded - Left 1.png
  artifactKey: Guid(5862ba5943b838b40b9d53e43a48c6c0) Importer(815301076,1909f56bfc062723c751e8b465ee728b)
Start importing Assets/Sorce/UI/Arrow - Rounded - Left 1.png using Guid(5862ba5943b838b40b9d53e43a48c6c0) Importer(815301076,1909f56bfc062723c751e8b465ee728b)  -> (artifact id: '0e1d466941856c03a08654150239c1ae') in 0.023601 seconds 
========================================================================
Received Prepare
Registering precompiled user dll's ...
Registered in 0.006454 seconds.
Begin MonoManager ReloadAssembly
Symbol file LoadedFromMemory doesn't match image C:\Users\lg\Desktop\GAME\Library\PackageCache\com.unity.visualscripting@1.6.1\Editor\VisualScripting.Core\Dependencies\YamlDotNet\Unity.VisualScripting.YamlDotNet.dll
Symbol file LoadedFromMemory doesn't match image C:\Users\lg\Desktop\GAME\Library\PackageCache\com.unity.visualscripting@1.6.1\Editor\VisualScripting.Core\Dependencies\DotNetZip\Unity.VisualScripting.IonicZip.dll
Native extension for WindowsStandalone target not found
Refreshing native plugins compatible for Editor in 1.41 ms, found 1 plugins.
Preloading 0 native plugins for Editor in 0.00 ms.
Mono: successfully reloaded assembly
- Completed reload, in  1.260 seconds
Platform modules already initialized, skipping
Refreshing native plugins compatible for Editor in 1.53 ms, found 1 plugins.
Preloading 0 native plugins for Editor in 0.00 ms.
Unloading 3025 Unused Serialized files (Serialized files now loaded: 0)
System memory in use before: 128.7 MB.
System memory in use after: 128.9 MB.

Unloading 8 unused Assets to reduce memory usage. Loaded Objects now: 3543.
Total: 3.298300 ms (FindLiveObjects: 0.262600 ms CreateObjectMapping: 0.113600 ms MarkObjects: 2.892300 ms  DeleteObjects: 0.028200 ms)

========================================================================
Received Import Request.
  Time since last request: 257.751946 seconds.
  path: Assets/Scripts/Reinforce_Manager.cs
  artifactKey: Guid(b20715ec802b4c346a9946d96e504a05) Importer(815301076,1909f56bfc062723c751e8b465ee728b)
Start importing Assets/Scripts/Reinforce_Manager.cs using Guid(b20715ec802b4c346a9946d96e504a05) Importer(815301076,1909f56bfc062723c751e8b465ee728b)  -> (artifact id: '66f83503e5d27516f8a5cd9f4a90be09') in 0.039673 seconds 
========================================================================
Received Prepare
Registering precompiled user dll's ...
Registered in 0.092566 seconds.
Begin MonoManager ReloadAssembly
Symbol file LoadedFromMemory doesn't match image C:\Users\lg\Desktop\GAME\Library\PackageCache\com.unity.visualscripting@1.6.1\Editor\VisualScripting.Core\Dependencies\YamlDotNet\Unity.VisualScripting.YamlDotNet.dll
Symbol file LoadedFromMemory doesn't match image C:\Users\lg\Desktop\GAME\Library\PackageCache\com.unity.visualscripting@1.6.1\Editor\VisualScripting.Core\Dependencies\DotNetZip\Unity.VisualScripting.IonicZip.dll
Native extension for WindowsStandalone target not found
Refreshing native plugins compatible for Editor in 1.86 ms, found 1 plugins.
Preloading 0 native plugins for Editor in 0.00 ms.
Mono: successfully reloaded assembly
- Completed reload, in  2.757 seconds
Platform modules already initialized, skipping
Refreshing native plugins compatible for Editor in 1.43 ms, found 1 plugins.
Preloading 0 native plugins for Editor in 0.00 ms.
Unloading 3023 Unused Serialized files (Serialized files now loaded: 0)
System memory in use before: 128.6 MB.
System memory in use after: 128.9 MB.

Unloading 8 unused Assets to reduce memory usage. Loaded Objects now: 3546.
Total: 7.006800 ms (FindLiveObjects: 2.277600 ms CreateObjectMapping: 0.351700 ms MarkObjects: 4.333900 ms  DeleteObjects: 0.038400 ms)

========================================================================
Received Import Request.
  Time since last request: 51.079077 seconds.
  path: Assets/Scripts/Manager_Dialog.cs
  artifactKey: Guid(b0c88eccea6a16e4abc79add0b8f35e4) Importer(815301076,1909f56bfc062723c751e8b465ee728b)
Start importing Assets/Scripts/Manager_Dialog.cs using Guid(b0c88eccea6a16e4abc79add0b8f35e4) Importer(815301076,1909f56bfc062723c751e8b465ee728b)  -> (artifact id: '6dee4d6d75faa7dc2acd606227cdc49d') in 0.022671 seconds 
========================================================================
Received Import Request.
  Time since last request: 3.592013 seconds.
  path: Assets/Scripts/NPC_Dialog.cs
  artifactKey: Guid(2459438e6b8e1f4419219a5d8b1b8847) Importer(815301076,1909f56bfc062723c751e8b465ee728b)
Start importing Assets/Scripts/NPC_Dialog.cs using Guid(2459438e6b8e1f4419219a5d8b1b8847) Importer(815301076,1909f56bfc062723c751e8b465ee728b)  -> (artifact id: 'e959f0184667fd88b88af1951af75c6a') in 0.016674 seconds 
========================================================================
Received Prepare
Registering precompiled user dll's ...
Registered in 0.005928 seconds.
Begin MonoManager ReloadAssembly
Symbol file LoadedFromMemory doesn't match image C:\Users\lg\Desktop\GAME\Library\PackageCache\com.unity.visualscripting@1.6.1\Editor\VisualScripting.Core\Dependencies\YamlDotNet\Unity.VisualScripting.YamlDotNet.dll
Symbol file LoadedFromMemory doesn't match image C:\Users\lg\Desktop\GAME\Library\PackageCache\com.unity.visualscripting@1.6.1\Editor\VisualScripting.Core\Dependencies\DotNetZip\Unity.VisualScripting.IonicZip.dll
Native extension for WindowsStandalone target not found
Refreshing native plugins compatible for Editor in 1.27 ms, found 1 plugins.
Preloading 0 native plugins for Editor in 0.00 ms.
Mono: successfully reloaded assembly
- Completed reload, in  1.526 seconds
Platform modules already initialized, skipping
Refreshing native plugins compatible for Editor in 1.27 ms, found 1 plugins.
Preloading 0 native plugins for Editor in 0.00 ms.
Unloading 3023 Unused Serialized files (Serialized files now loaded: 0)
System memory in use before: 128.7 MB.
System memory in use after: 128.9 MB.

Unloading 8 unused Assets to reduce memory usage. Loaded Objects now: 3549.
Total: 2.736100 ms (FindLiveObjects: 0.265100 ms CreateObjectMapping: 0.142000 ms MarkObjects: 2.285100 ms  DeleteObjects: 0.042000 ms)

========================================================================
Received Prepare
Registering precompiled user dll's ...
Registered in 0.006883 seconds.
Begin MonoManager ReloadAssembly
Symbol file LoadedFromMemory doesn't match image C:\Users\lg\Desktop\GAME\Library\PackageCache\com.unity.visualscripting@1.6.1\Editor\VisualScripting.Core\Dependencies\YamlDotNet\Unity.VisualScripting.YamlDotNet.dll
Symbol file LoadedFromMemory doesn't match image C:\Users\lg\Desktop\GAME\Library\PackageCache\com.unity.visualscripting@1.6.1\Editor\VisualScripting.Core\Dependencies\DotNetZip\Unity.VisualScripting.IonicZip.dll
Native extension for WindowsStandalone target not found
Refreshing native plugins compatible for Editor in 2.59 ms, found 1 plugins.
Preloading 0 native plugins for Editor in 0.00 ms.
Mono: successfully reloaded assembly
- Completed reload, in  1.872 seconds
Platform modules already initialized, skipping
Refreshing native plugins compatible for Editor in 1.60 ms, found 1 plugins.
Preloading 0 native plugins for Editor in 0.00 ms.
Unloading 3023 Unused Serialized files (Serialized files now loaded: 0)
System memory in use before: 128.7 MB.
System memory in use after: 128.9 MB.

Unloading 8 unused Assets to reduce memory usage. Loaded Objects now: 3552.
Total: 3.521100 ms (FindLiveObjects: 0.260600 ms CreateObjectMapping: 0.178500 ms MarkObjects: 3.041200 ms  DeleteObjects: 0.039200 ms)

========================================================================
Received Prepare
Registering precompiled user dll's ...
Registered in 0.004703 seconds.
Begin MonoManager ReloadAssembly
Symbol file LoadedFromMemory doesn't match image C:\Users\lg\Desktop\GAME\Library\PackageCache\com.unity.visualscripting@1.6.1\Editor\VisualScripting.Core\Dependencies\YamlDotNet\Unity.VisualScripting.YamlDotNet.dll
Symbol file LoadedFromMemory doesn't match image C:\Users\lg\Desktop\GAME\Library\PackageCache\com.unity.visualscripting@1.6.1\Editor\VisualScripting.Core\Dependencies\DotNetZip\Unity.VisualScripting.IonicZip.dll
Native extension for WindowsStandalone target not found
Refreshing native plugins compatible for Editor in 1.46 ms, found 1 plugins.
Preloading 0 native plugins for Editor in 0.00 ms.
Mono: successfully reloaded assembly
- Completed reload, in  1.466 seconds
Platform modules already initialized, skipping
Refreshing native plugins compatible for Editor in 1.54 ms, found 1 plugins.
Preloading 0 native plugins for Editor in 0.00 ms.
Unloading 3023 Unused Serialized files (Serialized files now loaded: 0)
System memory in use before: 128.7 MB.
System memory in use after: 128.9 MB.

Unloading 8 unused Assets to reduce memory usage. Loaded Objects now: 3555.
Total: 3.114100 ms (FindLiveObjects: 0.224100 ms CreateObjectMapping: 0.093800 ms MarkObjects: 2.775800 ms  DeleteObjects: 0.019200 ms)

========================================================================
Received Prepare
Registering precompiled user dll's ...
Registered in 0.004211 seconds.
Begin MonoManager ReloadAssembly
Symbol file LoadedFromMemory doesn't match image C:\Users\lg\Desktop\GAME\Library\PackageCache\com.unity.visualscripting@1.6.1\Editor\VisualScripting.Core\Dependencies\YamlDotNet\Unity.VisualScripting.YamlDotNet.dll
Symbol file LoadedFromMemory doesn't match image C:\Users\lg\Desktop\GAME\Library\PackageCache\com.unity.visualscripting@1.6.1\Editor\VisualScripting.Core\Dependencies\DotNetZip\Unity.VisualScripting.IonicZip.dll
Native extension for WindowsStandalone target not found
Refreshing native plugins compatible for Editor in 1.31 ms, found 1 plugins.
Preloading 0 native plugins for Editor in 0.00 ms.
Mono: successfully reloaded assembly
- Completed reload, in  1.359 seconds
Platform modules already initialized, skipping
Refreshing native plugins compatible for Editor in 0.97 ms, found 1 plugins.
Preloading 0 native plugins for Editor in 0.00 ms.
Unloading 3023 Unused Serialized files (Serialized files now loaded: 0)
System memory in use before: 128.7 MB.
System memory in use after: 129.0 MB.

Unloading 8 unused Assets to reduce memory usage. Loaded Objects now: 3558.
Total: 3.226000 ms (FindLiveObjects: 0.218700 ms CreateObjectMapping: 0.099300 ms MarkObjects: 2.872200 ms  DeleteObjects: 0.034300 ms)

========================================================================
Received Import Request.
  Time since last request: 629.926688 seconds.
  path: Assets/Prefabs/Weapon/Weapon_Stave.prefab
  artifactKey: Guid(d2ce3535a04d17d4c9c86fee2fdf9930) Importer(815301076,1909f56bfc062723c751e8b465ee728b)
Start importing Assets/Prefabs/Weapon/Weapon_Stave.prefab using Guid(d2ce3535a04d17d4c9c86fee2fdf9930) Importer(815301076,1909f56bfc062723c751e8b465ee728b)  -> (artifact id: '119c00b3c4372f963eed3c278a80ae0f') in 0.126265 seconds 
========================================================================
Received Import Request.
  Time since last request: 19.747942 seconds.
  path: Assets/Prefabs/Weapon/Weapon_Stave.prefab
  artifactKey: Guid(d2ce3535a04d17d4c9c86fee2fdf9930) Importer(815301076,1909f56bfc062723c751e8b465ee728b)
Start importing Assets/Prefabs/Weapon/Weapon_Stave.prefab using Guid(d2ce3535a04d17d4c9c86fee2fdf9930) Importer(815301076,1909f56bfc062723c751e8b465ee728b)  -> (artifact id: '3b324ad2a211ea26011f70126740494f') in 0.154494 seconds 
========================================================================
Received Import Request.
  Time since last request: 4.315209 seconds.
  path: Assets/Prefabs/Weapon/Weapon_Sword.prefab
  artifactKey: Guid(a285fcf1ee9498e48a05c955cb734a92) Importer(815301076,1909f56bfc062723c751e8b465ee728b)
Start importing Assets/Prefabs/Weapon/Weapon_Sword.prefab using Guid(a285fcf1ee9498e48a05c955cb734a92) Importer(815301076,1909f56bfc062723c751e8b465ee728b)  -> (artifact id: '136953705d678b8f1eeae93df68a94a0') in 0.057632 seconds 
========================================================================
Received Import Request.
  Time since last request: 5.242645 seconds.
  path: Assets/Prefabs/Weapon/Weapon_Sword.prefab
  artifactKey: Guid(a285fcf1ee9498e48a05c955cb734a92) Importer(815301076,1909f56bfc062723c751e8b465ee728b)
Start importing Assets/Prefabs/Weapon/Weapon_Sword.prefab using Guid(a285fcf1ee9498e48a05c955cb734a92) Importer(815301076,1909f56bfc062723c751e8b465ee728b)  -> (artifact id: 'c2ed9122ef61c5006951a47fd5d49bf2') in 0.135162 seconds 
========================================================================
Received Import Request.
  Time since last request: 1.335359 seconds.
  path: Assets/Prefabs/Weapon/Armor.prefab
  artifactKey: Guid(01f857672a7979c48852623e92e24c11) Importer(815301076,1909f56bfc062723c751e8b465ee728b)
Start importing Assets/Prefabs/Weapon/Armor.prefab using Guid(01f857672a7979c48852623e92e24c11) Importer(815301076,1909f56bfc062723c751e8b465ee728b)  -> (artifact id: '2956611a6cfe017cfc6cedacad1ac74f') in 0.059984 seconds 
========================================================================
Received Import Request.
  Time since last request: 3.989482 seconds.
  path: Assets/Prefabs/Weapon/Armor.prefab
  artifactKey: Guid(01f857672a7979c48852623e92e24c11) Importer(815301076,1909f56bfc062723c751e8b465ee728b)
Start importing Assets/Prefabs/Weapon/Armor.prefab using Guid(01f857672a7979c48852623e92e24c11) Importer(815301076,1909f56bfc062723c751e8b465ee728b)  -> (artifact id: '6bef530387a405b0913c1ae835b8cfb5') in 0.156277 seconds 
========================================================================
Received Prepare
Registering precompiled user dll's ...
Registered in 0.039644 seconds.
Begin MonoManager ReloadAssembly
Symbol file LoadedFromMemory doesn't match image C:\Users\lg\Desktop\GAME\Library\PackageCache\com.unity.visualscripting@1.6.1\Editor\VisualScripting.Core\Dependencies\YamlDotNet\Unity.VisualScripting.YamlDotNet.dll
Symbol file LoadedFromMemory doesn't match image C:\Users\lg\Desktop\GAME\Library\PackageCache\com.unity.visualscripting@1.6.1\Editor\VisualScripting.Core\Dependencies\DotNetZip\Unity.VisualScripting.IonicZip.dll
Native extension for WindowsStandalone target not found
Refreshing native plugins compatible for Editor in 1.56 ms, found 1 plugins.
Preloading 0 native plugins for Editor in 0.00 ms.
Mono: successfully reloaded assembly
- Completed reload, in  1.705 seconds
Platform modules already initialized, skipping
Refreshing native plugins compatible for Editor in 1.41 ms, found 1 plugins.
Preloading 0 native plugins for Editor in 0.00 ms.
Unloading 3023 Unused Serialized files (Serialized files now loaded: 0)
System memory in use before: 128.8 MB.
System memory in use after: 129.0 MB.

Unloading 8 unused Assets to reduce memory usage. Loaded Objects now: 3561.
Total: 2.580700 ms (FindLiveObjects: 0.257100 ms CreateObjectMapping: 0.122800 ms MarkObjects: 2.173600 ms  DeleteObjects: 0.025700 ms)

========================================================================
Received Import Request.
  Time since last request: 918.639963 seconds.
  path: Assets/Scripts/Items_Info.cs
  artifactKey: Guid(975459a7d3c64bf4593aee50f516b41e) Importer(815301076,1909f56bfc062723c751e8b465ee728b)
Start importing Assets/Scripts/Items_Info.cs using Guid(975459a7d3c64bf4593aee50f516b41e) Importer(815301076,1909f56bfc062723c751e8b465ee728b)  -> (artifact id: '0eef617100c8e7d832d6283c1e1000c3') in 0.028381 seconds 
========================================================================
Received Import Request.
  Time since last request: 15.223973 seconds.
  path: Assets/Scripts/Reinforce_Manager.cs
  artifactKey: Guid(b20715ec802b4c346a9946d96e504a05) Importer(815301076,1909f56bfc062723c751e8b465ee728b)
Start importing Assets/Scripts/Reinforce_Manager.cs using Guid(b20715ec802b4c346a9946d96e504a05) Importer(815301076,1909f56bfc062723c751e8b465ee728b)  -> (artifact id: 'f51f64a157766c8259a7a34ef747003e') in 0.009601 seconds 
========================================================================
Received Import Request.
  Time since last request: 1.054798 seconds.
  path: Assets/Scripts/QuestManager.cs
  artifactKey: Guid(c2dab10b18c726e4d9bd56d7705963ee) Importer(815301076,1909f56bfc062723c751e8b465ee728b)
Start importing Assets/Scripts/QuestManager.cs using Guid(c2dab10b18c726e4d9bd56d7705963ee) Importer(815301076,1909f56bfc062723c751e8b465ee728b)  -> (artifact id: '68a425070a7162d4d0ba695b6eb511b2') in 0.025021 seconds 
========================================================================
Received Import Request.
  Time since last request: 8.569340 seconds.
  path: Assets/Scripts/Questdata.cs
  artifactKey: Guid(4f99ac1a0f8dc9e4097856f3492afeef) Importer(815301076,1909f56bfc062723c751e8b465ee728b)
Start importing Assets/Scripts/Questdata.cs using Guid(4f99ac1a0f8dc9e4097856f3492afeef) Importer(815301076,1909f56bfc062723c751e8b465ee728b)  -> (artifact id: '5eeebc9c94a81b39eb5ccc68ad33c0c6') in 0.012339 seconds 
========================================================================
Received Import Request.
  Time since last request: 18.349202 seconds.
  path: Assets/Scripts/ObjectPoolManager.cs
  artifactKey: Guid(2ae4216ba275d674eb21002b1780763b) Importer(815301076,1909f56bfc062723c751e8b465ee728b)
Start importing Assets/Scripts/ObjectPoolManager.cs using Guid(2ae4216ba275d674eb21002b1780763b) Importer(815301076,1909f56bfc062723c751e8b465ee728b)  -> (artifact id: '82dbab1b253e5b9bde4e57fded04173b') in 0.015154 seconds 
========================================================================
Received Prepare
Registering precompiled user dll's ...
Registered in 0.004662 seconds.
Begin MonoManager ReloadAssembly
Symbol file LoadedFromMemory doesn't match image C:\Users\lg\Desktop\GAME\Library\PackageCache\com.unity.visualscripting@1.6.1\Editor\VisualScripting.Core\Dependencies\YamlDotNet\Unity.VisualScripting.YamlDotNet.dll
Symbol file LoadedFromMemory doesn't match image C:\Users\lg\Desktop\GAME\Library\PackageCache\com.unity.visualscripting@1.6.1\Editor\VisualScripting.Core\Dependencies\DotNetZip\Unity.VisualScripting.IonicZip.dll
Native extension for WindowsStandalone target not found
Refreshing native plugins compatible for Editor in 1.12 ms, found 1 plugins.
Preloading 0 native plugins for Editor in 0.00 ms.
Mono: successfully reloaded assembly
- Completed reload, in  1.433 seconds
Platform modules already initialized, skipping
Refreshing native plugins compatible for Editor in 1.57 ms, found 1 plugins.
Preloading 0 native plugins for Editor in 0.00 ms.
Unloading 3023 Unused Serialized files (Serialized files now loaded: 0)
System memory in use before: 128.8 MB.
System memory in use after: 129.0 MB.

Unloading 8 unused Assets to reduce memory usage. Loaded Objects now: 3564.
Total: 2.069100 ms (FindLiveObjects: 0.221700 ms CreateObjectMapping: 0.096600 ms MarkObjects: 1.717100 ms  DeleteObjects: 0.032000 ms)

========================================================================
Received Prepare
Registering precompiled user dll's ...
Registered in 0.008992 seconds.
Begin MonoManager ReloadAssembly
Symbol file LoadedFromMemory doesn't match image C:\Users\lg\Desktop\GAME\Library\PackageCache\com.unity.visualscripting@1.6.1\Editor\VisualScripting.Core\Dependencies\YamlDotNet\Unity.VisualScripting.YamlDotNet.dll
Symbol file LoadedFromMemory doesn't match image C:\Users\lg\Desktop\GAME\Library\PackageCache\com.unity.visualscripting@1.6.1\Editor\VisualScripting.Core\Dependencies\DotNetZip\Unity.VisualScripting.IonicZip.dll
Native extension for WindowsStandalone target not found
Refreshing native plugins compatible for Editor in 1.22 ms, found 1 plugins.
Preloading 0 native plugins for Editor in 0.00 ms.
Mono: successfully reloaded assembly
- Completed reload, in  1.582 seconds
Platform modules already initialized, skipping
Refreshing native plugins compatible for Editor in 1.36 ms, found 1 plugins.
Preloading 0 native plugins for Editor in 0.00 ms.
Unloading 3023 Unused Serialized files (Serialized files now loaded: 0)
System memory in use before: 128.8 MB.
System memory in use after: 129.0 MB.

Unloading 8 unused Assets to reduce memory usage. Loaded Objects now: 3567.
Total: 3.842400 ms (FindLiveObjects: 0.290000 ms CreateObjectMapping: 0.271200 ms MarkObjects: 3.223700 ms  DeleteObjects: 0.055900 ms)

========================================================================
Received Prepare
Registering precompiled user dll's ...
Registered in 0.004527 seconds.
Begin MonoManager ReloadAssembly
Symbol file LoadedFromMemory doesn't match image C:\Users\lg\Desktop\GAME\Library\PackageCache\com.unity.visualscripting@1.6.1\Editor\VisualScripting.Core\Dependencies\YamlDotNet\Unity.VisualScripting.YamlDotNet.dll
Symbol file LoadedFromMemory doesn't match image C:\Users\lg\Desktop\GAME\Library\PackageCache\com.unity.visualscripting@1.6.1\Editor\VisualScripting.Core\Dependencies\DotNetZip\Unity.VisualScripting.IonicZip.dll
Native extension for WindowsStandalone target not found
Refreshing native plugins compatible for Editor in 1.32 ms, found 1 plugins.
Preloading 0 native plugins for Editor in 0.00 ms.
Mono: successfully reloaded assembly
- Completed reload, in  1.268 seconds
Platform modules already initialized, skipping
Refreshing native plugins compatible for Editor in 1.13 ms, found 1 plugins.
Preloading 0 native plugins for Editor in 0.00 ms.
Unloading 3023 Unused Serialized files (Serialized files now loaded: 0)
System memory in use before: 128.8 MB.
System memory in use after: 129.0 MB.

Unloading 8 unused Assets to reduce memory usage. Loaded Objects now: 3570.
Total: 3.779000 ms (FindLiveObjects: 0.260800 ms CreateObjectMapping: 0.184900 ms MarkObjects: 3.301700 ms  DeleteObjects: 0.029900 ms)

========================================================================
Received Prepare
Registering precompiled user dll's ...
Registered in 0.007483 seconds.
Begin MonoManager ReloadAssembly
Symbol file LoadedFromMemory doesn't match image C:\Users\lg\Desktop\GAME\Library\PackageCache\com.unity.visualscripting@1.6.1\Editor\VisualScripting.Core\Dependencies\YamlDotNet\Unity.VisualScripting.YamlDotNet.dll
Symbol file LoadedFromMemory doesn't match image C:\Users\lg\Desktop\GAME\Library\PackageCache\com.unity.visualscripting@1.6.1\Editor\VisualScripting.Core\Dependencies\DotNetZip\Unity.VisualScripting.IonicZip.dll
Native extension for WindowsStandalone target not found
Refreshing native plugins compatible for Editor in 1.39 ms, found 1 plugins.
Preloading 0 native plugins for Editor in 0.00 ms.
Mono: successfully reloaded assembly
- Completed reload, in  1.555 seconds
Platform modules already initialized, skipping
Refreshing native plugins compatible for Editor in 1.52 ms, found 1 plugins.
Preloading 0 native plugins for Editor in 0.00 ms.
Unloading 3023 Unused Serialized files (Serialized files now loaded: 0)
System memory in use before: 128.8 MB.
System memory in use after: 129.0 MB.

Unloading 8 unused Assets to reduce memory usage. Loaded Objects now: 3573.
Total: 4.056100 ms (FindLiveObjects: 0.518700 ms CreateObjectMapping: 0.277200 ms MarkObjects: 3.233400 ms  DeleteObjects: 0.025100 ms)

========================================================================
Received Prepare
Registering precompiled user dll's ...
Registered in 0.006113 seconds.
Begin MonoManager ReloadAssembly
Symbol file LoadedFromMemory doesn't match image C:\Users\lg\Desktop\GAME\Library\PackageCache\com.unity.visualscripting@1.6.1\Editor\VisualScripting.Core\Dependencies\YamlDotNet\Unity.VisualScripting.YamlDotNet.dll
Symbol file LoadedFromMemory doesn't match image C:\Users\lg\Desktop\GAME\Library\PackageCache\com.unity.visualscripting@1.6.1\Editor\VisualScripting.Core\Dependencies\DotNetZip\Unity.VisualScripting.IonicZip.dll
Native extension for WindowsStandalone target not found
Refreshing native plugins compatible for Editor in 1.81 ms, found 1 plugins.
Preloading 0 native plugins for Editor in 0.00 ms.
Mono: successfully reloaded assembly
- Completed reload, in  1.784 seconds
Platform modules already initialized, skipping
Refreshing native plugins compatible for Editor in 1.07 ms, found 1 plugins.
Preloading 0 native plugins for Editor in 0.00 ms.
Unloading 3023 Unused Serialized files (Serialized files now loaded: 0)
System memory in use before: 128.8 MB.
System memory in use after: 129.0 MB.

Unloading 8 unused Assets to reduce memory usage. Loaded Objects now: 3576.
Total: 3.259800 ms (FindLiveObjects: 0.215100 ms CreateObjectMapping: 0.089600 ms MarkObjects: 2.897500 ms  DeleteObjects: 0.056100 ms)

========================================================================
Received Prepare
Registering precompiled user dll's ...
Registered in 0.004593 seconds.
Begin MonoManager ReloadAssembly
Symbol file LoadedFromMemory doesn't match image C:\Users\lg\Desktop\GAME\Library\PackageCache\com.unity.visualscripting@1.6.1\Editor\VisualScripting.Core\Dependencies\YamlDotNet\Unity.VisualScripting.YamlDotNet.dll
Symbol file LoadedFromMemory doesn't match image C:\Users\lg\Desktop\GAME\Library\PackageCache\com.unity.visualscripting@1.6.1\Editor\VisualScripting.Core\Dependencies\DotNetZip\Unity.VisualScripting.IonicZip.dll
Native extension for WindowsStandalone target not found
Refreshing native plugins compatible for Editor in 1.58 ms, found 1 plugins.
Preloading 0 native plugins for Editor in 0.00 ms.
Mono: successfully reloaded assembly
- Completed reload, in  1.698 seconds
Platform modules already initialized, skipping
Refreshing native plugins compatible for Editor in 1.56 ms, found 1 plugins.
Preloading 0 native plugins for Editor in 0.00 ms.
Unloading 3023 Unused Serialized files (Serialized files now loaded: 0)
System memory in use before: 128.8 MB.
System memory in use after: 129.1 MB.

Unloading 8 unused Assets to reduce memory usage. Loaded Objects now: 3579.
Total: 2.016500 ms (FindLiveObjects: 0.227100 ms CreateObjectMapping: 0.099800 ms MarkObjects: 1.672700 ms  DeleteObjects: 0.015500 ms)

========================================================================
Received Prepare
Registering precompiled user dll's ...
Registered in 0.007650 seconds.
Begin MonoManager ReloadAssembly
Symbol file LoadedFromMemory doesn't match image C:\Users\lg\Desktop\GAME\Library\PackageCache\com.unity.visualscripting@1.6.1\Editor\VisualScripting.Core\Dependencies\YamlDotNet\Unity.VisualScripting.YamlDotNet.dll
Symbol file LoadedFromMemory doesn't match image C:\Users\lg\Desktop\GAME\Library\PackageCache\com.unity.visualscripting@1.6.1\Editor\VisualScripting.Core\Dependencies\DotNetZip\Unity.VisualScripting.IonicZip.dll
Native extension for WindowsStandalone target not found
Refreshing native plugins compatible for Editor in 2.35 ms, found 1 plugins.
Preloading 0 native plugins for Editor in 0.00 ms.
Mono: successfully reloaded assembly
- Completed reload, in  1.837 seconds
Platform modules already initialized, skipping
Refreshing native plugins compatible for Editor in 1.02 ms, found 1 plugins.
Preloading 0 native plugins for Editor in 0.00 ms.
Unloading 3023 Unused Serialized files (Serialized files now loaded: 0)
System memory in use before: 128.8 MB.
System memory in use after: 129.1 MB.

Unloading 8 unused Assets to reduce memory usage. Loaded Objects now: 3582.
Total: 2.781000 ms (FindLiveObjects: 0.420800 ms CreateObjectMapping: 0.132000 ms MarkObjects: 2.207400 ms  DeleteObjects: 0.019200 ms)

========================================================================
Received Prepare
Registering precompiled user dll's ...
Registered in 0.006597 seconds.
Begin MonoManager ReloadAssembly
Symbol file LoadedFromMemory doesn't match image C:\Users\lg\Desktop\GAME\Library\PackageCache\com.unity.visualscripting@1.6.1\Editor\VisualScripting.Core\Dependencies\YamlDotNet\Unity.VisualScripting.YamlDotNet.dll
Symbol file LoadedFromMemory doesn't match image C:\Users\lg\Desktop\GAME\Library\PackageCache\com.unity.visualscripting@1.6.1\Editor\VisualScripting.Core\Dependencies\DotNetZip\Unity.VisualScripting.IonicZip.dll
Native extension for WindowsStandalone target not found
Refreshing native plugins compatible for Editor in 2.45 ms, found 1 plugins.
Preloading 0 native plugins for Editor in 0.00 ms.
Mono: successfully reloaded assembly
- Completed reload, in  2.056 seconds
Platform modules already initialized, skipping
Refreshing native plugins compatible for Editor in 0.89 ms, found 1 plugins.
Preloading 0 native plugins for Editor in 0.00 ms.
Unloading 3023 Unused Serialized files (Serialized files now loaded: 0)
System memory in use before: 128.8 MB.
System memory in use after: 129.1 MB.

Unloading 8 unused Assets to reduce memory usage. Loaded Objects now: 3585.
Total: 3.736700 ms (FindLiveObjects: 0.326500 ms CreateObjectMapping: 0.171300 ms MarkObjects: 3.193300 ms  DeleteObjects: 0.043400 ms)

========================================================================
Received Prepare
Registering precompiled user dll's ...
Registered in 0.005848 seconds.
Begin MonoManager ReloadAssembly
Symbol file LoadedFromMemory doesn't match image C:\Users\lg\Desktop\GAME\Library\PackageCache\com.unity.visualscripting@1.6.1\Editor\VisualScripting.Core\Dependencies\YamlDotNet\Unity.VisualScripting.YamlDotNet.dll
Symbol file LoadedFromMemory doesn't match image C:\Users\lg\Desktop\GAME\Library\PackageCache\com.unity.visualscripting@1.6.1\Editor\VisualScripting.Core\Dependencies\DotNetZip\Unity.VisualScripting.IonicZip.dll
Native extension for WindowsStandalone target not found
Refreshing native plugins compatible for Editor in 1.45 ms, found 1 plugins.
Preloading 0 native plugins for Editor in 0.00 ms.
Mono: successfully reloaded assembly
- Completed reload, in  1.801 seconds
Platform modules already initialized, skipping
Refreshing native plugins compatible for Editor in 0.97 ms, found 1 plugins.
Preloading 0 native plugins for Editor in 0.00 ms.
Unloading 3023 Unused Serialized files (Serialized files now loaded: 0)
System memory in use before: 128.8 MB.
System memory in use after: 129.1 MB.

Unloading 8 unused Assets to reduce memory usage. Loaded Objects now: 3588.
Total: 3.364100 ms (FindLiveObjects: 0.329500 ms CreateObjectMapping: 0.152200 ms MarkObjects: 2.853100 ms  DeleteObjects: 0.027700 ms)

AssetImportWorkerClient::OnTransportError - code=2 error=End of file
